This file contains any messages produced by compilers while
running configure, to aid debugging if configure makes a mistake.

It was created by HTSlib configure 1.4.1, which was
generated by GNU Autoconf 2.69.  Invocation command line was

  $ /Users/ahmadalzeitoun/Projects/DZNE Kallisto/kallisto-master/ext/htslib/configure --prefix= --disable-bz2 --disable-lzma --disable-libcurl

## --------- ##
## Platform. ##
## --------- ##

hostname = Bonn-MacBook-Pro.local
uname -m = x86_64
uname -r = 18.7.0
uname -s = Darwin
uname -v = Darwin Kernel Version 18.7.0: Thu Jun 20 18:42:21 PDT 2019; root:xnu-4903.270.47~4/RELEASE_X86_64

/usr/bin/uname -p = i386
/bin/uname -X     = unknown

/bin/arch              = unknown
/usr/bin/arch -k       = unknown
/usr/convex/getsysinfo = unknown
/usr/bin/hostinfo      = Mach kernel version:
	 Darwin Kernel Version 18.7.0: Thu Jun 20 18:42:21 PDT 2019; root:xnu-4903.270.47~4/RELEASE_X86_64
Kernel configured for up to 8 processors.
4 processors are physically available.
8 processors are logically available.
Processor type: x86_64h (Intel x86-64h Haswell)
Processors active: 0 1 2 3 4 5 6 7
Primary memory available: 8.00 gigabytes
Default processor set: 392 tasks, 1818 threads, 8 processors
Load average: 2.50, Mach factor: 5.49
/bin/machine           = unknown
/usr/bin/oslevel       = unknown
/bin/universe          = unknown

PATH: /usr/local/bin
PATH: /Users/ahmadalzeitoun/anaconda2/bin
PATH: /Library/Frameworks/Python.framework/Versions/3.6/bin
PATH: /usr/local/bin
PATH: /usr/bin
PATH: /bin
PATH: /usr/sbin
PATH: /sbin
PATH: /Library/TeX/texbin
PATH: /usr/local/share/dotnet
PATH: /opt/X11/bin
PATH: ~/.dotnet/tools
PATH: /Library/Frameworks/Mono.framework/Versions/Current/Commands
PATH: /usr/local/git/bin
PATH: /Users/ahmadalzeitoun/apache-maven-3.3.9/bin


## ----------- ##
## Core tests. ##
## ----------- ##

configure:2153: checking for gcc
configure:2169: found /usr/bin/gcc
configure:2180: result: gcc
configure:2409: checking for C compiler version
configure:2418: gcc --version >&5
Apple LLVM version 10.0.1 (clang-1001.0.46.4)
Target: x86_64-apple-darwin18.7.0
Thread model: posix
InstalledDir: /Applications/Xcode.app/Contents/Developer/Toolchains/XcodeDefault.xctoolchain/usr/bin
Configured with: --prefix=/Applications/Xcode.app/Contents/Developer/usr --with-gxx-include-dir=/usr/include/c++/4.2.1
configure:2429: $? = 0
configure:2418: gcc -v >&5
Configured with: --prefix=/Applications/Xcode.app/Contents/Developer/usr --with-gxx-include-dir=/usr/include/c++/4.2.1
Apple LLVM version 10.0.1 (clang-1001.0.46.4)
Target: x86_64-apple-darwin18.7.0
Thread model: posix
InstalledDir: /Applications/Xcode.app/Contents/Developer/Toolchains/XcodeDefault.xctoolchain/usr/bin
Found CUDA installation: /usr/local/cuda, version 8.0
configure:2429: $? = 0
configure:2418: gcc -V >&5
clang: error: unsupported option '-V -Wno-atomic-implicit-seq-cst'
clang: error: no input files
configure:2429: $? = 1
configure:2418: gcc -qversion >&5
clang: error: unknown argument '-qversion', did you mean '--version'?
clang: error: no input files
configure:2429: $? = 1
configure:2449: checking whether the C compiler works
configure:2471: gcc    conftest.c  >&5
configure:2475: $? = 0
configure:2523: result: yes
configure:2526: checking for C compiler default output file name
configure:2528: result: a.out
configure:2534: checking for suffix of executables
configure:2541: gcc -o conftest    conftest.c  >&5
configure:2545: $? = 0
configure:2567: result: 
configure:2589: checking whether we are cross compiling
configure:2597: gcc -o conftest    conftest.c  >&5
configure:2601: $? = 0
configure:2608: ./conftest
configure:2612: $? = 0
configure:2627: result: no
configure:2632: checking for suffix of object files
configure:2654: gcc -c   conftest.c >&5
configure:2658: $? = 0
configure:2679: result: o
configure:2683: checking whether we are using the GNU C compiler
configure:2702: gcc -c   conftest.c >&5
configure:2702: $? = 0
configure:2711: result: yes
configure:2720: checking whether gcc accepts -g
configure:2740: gcc -c -g  conftest.c >&5
configure:2740: $? = 0
configure:2781: result: yes
configure:2798: checking for gcc option to accept ISO C89
configure:2861: gcc  -c -g -O2  conftest.c >&5
configure:2861: $? = 0
configure:2874: result: none needed
configure:2937: checking for ranlib
configure:2953: found /usr/bin/ranlib
configure:2964: result: ranlib
configure:3019: checking for special C compiler options needed for large files
configure:3064: result: no
configure:3070: checking for _FILE_OFFSET_BITS value needed for large files
configure:3095: gcc -c -g -O2  conftest.c >&5
configure:3095: $? = 0
configure:3127: result: no
configure:3273: checking shared library type
configure:3293: result: Darwin dylib
configure:3302: checking how to run the C preprocessor
configure:3333: gcc -E  conftest.c
configure:3333: $? = 0
configure:3347: gcc -E  conftest.c
conftest.c:9:10: fatal error: 'ac_nonexistent.h' file not found
#include <ac_nonexistent.h>
         ^~~~~~~~~~~~~~~~~~
1 error generated.
configure:3347: $? = 1
configure: failed program was:
| /* confdefs.h */
| #define PACKAGE_NAME "HTSlib"
| #define PACKAGE_TARNAME "htslib"
| #define PACKAGE_VERSION "1.4.1"
| #define PACKAGE_STRING "HTSlib 1.4.1"
| #define PACKAGE_BUGREPORT "samtools-help@lists.sourceforge.net"
| #define PACKAGE_URL "http://www.htslib.org/"
| /* end confdefs.h.  */
| #include <ac_nonexistent.h>
configure:3372: result: gcc -E
configure:3392: gcc -E  conftest.c
configure:3392: $? = 0
configure:3406: gcc -E  conftest.c
conftest.c:9:10: fatal error: 'ac_nonexistent.h' file not found
#include <ac_nonexistent.h>
         ^~~~~~~~~~~~~~~~~~
1 error generated.
configure:3406: $? = 1
configure: failed program was:
| /* confdefs.h */
| #define PACKAGE_NAME "HTSlib"
| #define PACKAGE_TARNAME "htslib"
| #define PACKAGE_VERSION "1.4.1"
| #define PACKAGE_STRING "HTSlib 1.4.1"
| #define PACKAGE_BUGREPORT "samtools-help@lists.sourceforge.net"
| #define PACKAGE_URL "http://www.htslib.org/"
| /* end confdefs.h.  */
| #include <ac_nonexistent.h>
configure:3435: checking for grep that handles long lines and -e
configure:3493: result: /usr/bin/grep
configure:3498: checking for egrep
configure:3560: result: /usr/bin/grep -E
configure:3565: checking for ANSI C header files
configure:3585: gcc -c -g -O2  conftest.c >&5
configure:3585: $? = 0
configure:3658: gcc -o conftest -g -O2   conftest.c  >&5
configure:3658: $? = 0
configure:3658: ./conftest
configure:3658: $? = 0
configure:3669: result: yes
configure:3682: checking for sys/types.h
configure:3682: gcc -c -g -O2  conftest.c >&5
configure:3682: $? = 0
configure:3682: result: yes
configure:3682: checking for sys/stat.h
configure:3682: gcc -c -g -O2  conftest.c >&5
configure:3682: $? = 0
configure:3682: result: yes
configure:3682: checking for stdlib.h
configure:3682: gcc -c -g -O2  conftest.c >&5
configure:3682: $? = 0
configure:3682: result: yes
configure:3682: checking for string.h
configure:3682: gcc -c -g -O2  conftest.c >&5
configure:3682: $? = 0
configure:3682: result: yes
configure:3682: checking for memory.h
configure:3682: gcc -c -g -O2  conftest.c >&5
configure:3682: $? = 0
configure:3682: result: yes
configure:3682: checking for strings.h
configure:3682: gcc -c -g -O2  conftest.c >&5
configure:3682: $? = 0
configure:3682: result: yes
configure:3682: checking for inttypes.h
configure:3682: gcc -c -g -O2  conftest.c >&5
configure:3682: $? = 0
configure:3682: result: yes
configure:3682: checking for stdint.h
configure:3682: gcc -c -g -O2  conftest.c >&5
configure:3682: $? = 0
configure:3682: result: yes
configure:3682: checking for unistd.h
configure:3682: gcc -c -g -O2  conftest.c >&5
configure:3682: $? = 0
configure:3682: result: yes
configure:3700: checking for stdlib.h
configure:3700: result: yes
configure:3700: checking for unistd.h
configure:3700: result: yes
configure:3700: checking for sys/param.h
configure:3700: gcc -c -g -O2  conftest.c >&5
configure:3700: $? = 0
configure:3700: result: yes
configure:3720: checking for getpagesize
configure:3720: gcc -o conftest -g -O2   conftest.c  >&5
configure:3720: $? = 0
configure:3720: result: yes
configure:3729: checking for working mmap
configure:3876: gcc -o conftest -g -O2   conftest.c  >&5
configure:3876: $? = 0
configure:3876: ./conftest
configure:3876: $? = 0
configure:3886: result: yes
configure:3897: checking for gmtime_r
configure:3897: gcc -o conftest -g -O2   conftest.c  >&5
configure:3897: $? = 0
configure:3897: result: yes
configure:3909: checking whether fdatasync is declared
configure:3909: gcc -c -g -O2  conftest.c >&5
conftest.c:65:10: error: use of undeclared identifier 'fdatasync'
  (void) fdatasync;
         ^
1 error generated.
configure:3909: $? = 1
configure: failed program was:
| /* confdefs.h */
| #define PACKAGE_NAME "HTSlib"
| #define PACKAGE_TARNAME "htslib"
| #define PACKAGE_VERSION "1.4.1"
| #define PACKAGE_STRING "HTSlib 1.4.1"
| #define PACKAGE_BUGREPORT "samtools-help@lists.sourceforge.net"
| #define PACKAGE_URL "http://www.htslib.org/"
| #define STDC_HEADERS 1
| #define HAVE_SYS_TYPES_H 1
| #define HAVE_SYS_STAT_H 1
| #define HAVE_STDLIB_H 1
| #define HAVE_STRING_H 1
| #define HAVE_MEMORY_H 1
| #define HAVE_STRINGS_H 1
| #define HAVE_INTTYPES_H 1
| #define HAVE_STDINT_H 1
| #define HAVE_UNISTD_H 1
| #define HAVE_STDLIB_H 1
| #define HAVE_UNISTD_H 1
| #define HAVE_SYS_PARAM_H 1
| #define HAVE_GETPAGESIZE 1
| #define HAVE_MMAP 1
| #define HAVE_GMTIME_R 1
| /* end confdefs.h.  */
| #include <stdio.h>
| #ifdef HAVE_SYS_TYPES_H
| # include <sys/types.h>
| #endif
| #ifdef HAVE_SYS_STAT_H
| # include <sys/stat.h>
| #endif
| #ifdef STDC_HEADERS
| # include <stdlib.h>
| # include <stddef.h>
| #else
| # ifdef HAVE_STDLIB_H
| #  include <stdlib.h>
| # endif
| #endif
| #ifdef HAVE_STRING_H
| # if !defined STDC_HEADERS && defined HAVE_MEMORY_H
| #  include <memory.h>
| # endif
| # include <string.h>
| #endif
| #ifdef HAVE_STRINGS_H
| # include <strings.h>
| #endif
| #ifdef HAVE_INTTYPES_H
| # include <inttypes.h>
| #endif
| #ifdef HAVE_STDINT_H
| # include <stdint.h>
| #endif
| #ifdef HAVE_UNISTD_H
| # include <unistd.h>
| #endif
| int
| main ()
| {
| #ifndef fdatasync
| #ifdef __cplusplus
|   (void) fdatasync((int) 0);
| #else
|   (void) fdatasync;
| #endif
| #endif
| 
|   ;
|   return 0;
| }
configure:3909: result: no
configure:4004: checking for library containing log
configure:4035: gcc -o conftest -g -O2   conftest.c  >&5
conftest.c:32:6: warning: incompatible redeclaration of library function 'log' [-Wincompatible-library-redeclaration]
char log ();
     ^
conftest.c:32:6: note: 'log' is a builtin with type 'double (double)'
1 warning generated.
configure:4035: $? = 0
configure:4052: result: none required
configure:4067: checking for zlib.h
configure:4067: gcc -c -g -O2  conftest.c >&5
configure:4067: $? = 0
configure:4067: result: yes
configure:4076: checking for inflate in -lz
configure:4101: gcc -o conftest -g -O2   conftest.c -lz   >&5
configure:4101: $? = 0
configure:4110: result: yes
configure:4137: checking for library containing connect
configure:4168: gcc -o conftest -g -O2   conftest.c -lz  >&5
configure:4168: $? = 0
configure:4185: result: none required
configure:4471: WARNING: GCS support not enabled: requires libcurl support
configure:4490: WARNING: S3 support not enabled: requires libcurl support
configure:4724: creating ./config.status

## ---------------------- ##
## Running config.status. ##
## ---------------------- ##

This file was extended by HTSlib config.status 1.4.1, which was
generated by GNU Autoconf 2.69.  Invocation command line was

  CONFIG_FILES    = 
  CONFIG_HEADERS  = 
  CONFIG_LINKS    = 
  CONFIG_COMMANDS = 
  $ ./config.status 

on Bonn-MacBook-Pro.local

config.status:820: creating config.mk
config.status:820: creating htslib.pc.tmp
config.status:820: creating config.h

## ---------------- ##
## Cache variables. ##
## ---------------- ##

ac_cv_c_compiler_gnu=yes
ac_cv_env_CC_set=
ac_cv_env_CC_value=
ac_cv_env_CFLAGS_set=
ac_cv_env_CFLAGS_value=
ac_cv_env_CPPFLAGS_set=
ac_cv_env_CPPFLAGS_value=
ac_cv_env_CPP_set=
ac_cv_env_CPP_value=
ac_cv_env_LDFLAGS_set=
ac_cv_env_LDFLAGS_value=
ac_cv_env_LIBS_set=
ac_cv_env_LIBS_value=
ac_cv_env_build_alias_set=
ac_cv_env_build_alias_value=
ac_cv_env_host_alias_set=
ac_cv_env_host_alias_value=
ac_cv_env_target_alias_set=
ac_cv_env_target_alias_value=
ac_cv_func_getpagesize=yes
ac_cv_func_gmtime_r=yes
ac_cv_func_mmap_fixed_mapped=yes
ac_cv_have_decl_fdatasync_int_=no
ac_cv_header_inttypes_h=yes
ac_cv_header_memory_h=yes
ac_cv_header_stdc=yes
ac_cv_header_stdint_h=yes
ac_cv_header_stdlib_h=yes
ac_cv_header_string_h=yes
ac_cv_header_strings_h=yes
ac_cv_header_sys_param_h=yes
ac_cv_header_sys_stat_h=yes
ac_cv_header_sys_types_h=yes
ac_cv_header_unistd_h=yes
ac_cv_header_zlib_h=yes
ac_cv_lib_z_inflate=yes
ac_cv_objext=o
ac_cv_path_EGREP='/usr/bin/grep -E'
ac_cv_path_GREP=/usr/bin/grep
ac_cv_prog_CPP='gcc -E'
ac_cv_prog_ac_ct_CC=gcc
ac_cv_prog_ac_ct_RANLIB=ranlib
ac_cv_prog_cc_c89=
ac_cv_prog_cc_g=yes
ac_cv_search_connect='none required'
ac_cv_search_log='none required'
ac_cv_sys_file_offset_bits=no
ac_cv_sys_largefile_CC=no

## ----------------- ##
## Output variables. ##
## ----------------- ##

CC='gcc'
CFLAGS='-g -O2'
CPP='gcc -E'
CPPFLAGS=''
CRYPTO_LIBS=''
DEFS='-DHAVE_CONFIG_H'
ECHO_C='\c'
ECHO_N=''
ECHO_T=''
EGREP='/usr/bin/grep -E'
EXEEXT=''
GREP='/usr/bin/grep'
LDFLAGS=''
LIBOBJS=''
LIBS='-lz '
LTLIBOBJS=''
OBJEXT='o'
PACKAGE_BUGREPORT='samtools-help@lists.sourceforge.net'
PACKAGE_NAME='HTSlib'
PACKAGE_STRING='HTSlib 1.4.1'
PACKAGE_TARNAME='htslib'
PACKAGE_URL='http://www.htslib.org/'
PACKAGE_VERSION='1.4.1'
PATH_SEPARATOR=':'
PLATFORM='Darwin'
PLUGIN_EXT='.bundle'
RANLIB='ranlib'
SHELL='/bin/sh'
ac_ct_CC='gcc'
bindir='${exec_prefix}/bin'
build_alias=''
datadir='${datarootdir}'
datarootdir='${prefix}/share'
docdir='${datarootdir}/doc/${PACKAGE_TARNAME}'
dvidir='${docdir}'
enable_plugins='no'
exec_prefix='${prefix}'
gcs='disabled'
host_alias='unknown-Darwin'
htmldir='${docdir}'
includedir='${prefix}/include'
infodir='${datarootdir}/info'
libcurl='disabled'
libdir='${exec_prefix}/lib'
libexecdir='${exec_prefix}/libexec'
localedir='${datarootdir}/locale'
localstatedir='${prefix}/var'
mandir='${datarootdir}/man'
oldincludedir='/usr/include'
pc_requires=''
pdfdir='${docdir}'
plugindir='$(libexecdir)/htslib'
pluginpath='$(libexecdir)/htslib'
prefix=''
private_LIBS=''
program_transform_name='s,x,x,'
psdir='${docdir}'
s3='disabled'
sbindir='${exec_prefix}/sbin'
sharedstatedir='${prefix}/com'
static_LDFLAGS=''
static_LIBS='-lz -lm'
sysconfdir='${prefix}/etc'
target_alias=''

## ----------- ##
## confdefs.h. ##
## ----------- ##

/* confdefs.h */
#define PACKAGE_NAME "HTSlib"
#define PACKAGE_TARNAME "htslib"
#define PACKAGE_VERSION "1.4.1"
#define PACKAGE_STRING "HTSlib 1.4.1"
#define PACKAGE_BUGREPORT "samtools-help@lists.sourceforge.net"
#define PACKAGE_URL "http://www.htslib.org/"
#define STDC_HEADERS 1
#define HAVE_SYS_TYPES_H 1
#define HAVE_SYS_STAT_H 1
#define HAVE_STDLIB_H 1
#define HAVE_STRING_H 1
#define HAVE_MEMORY_H 1
#define HAVE_STRINGS_H 1
#define HAVE_INTTYPES_H 1
#define HAVE_STDINT_H 1
#define HAVE_UNISTD_H 1
#define HAVE_STDLIB_H 1
#define HAVE_UNISTD_H 1
#define HAVE_SYS_PARAM_H 1
#define HAVE_GETPAGESIZE 1
#define HAVE_MMAP 1
#define HAVE_GMTIME_R 1
#define HAVE_LIBZ 1

configure: exit 0
